2023-12-30 21:39:17:INFO:***********Test_01_Admin_Login*************
2023-12-30 21:39:17:INFO:***********verifiction of admin login page title*************
2023-12-30 21:39:19:INFO:***********test_title_verification title matched*************
2023-12-30 21:39:23:INFO:***********test_valid_admin_login started *************
2023-12-30 21:39:33:INFO:***********Dashboard text found *************
2023-12-30 21:39:36:INFO:***********test_invalid_admin_login started *************
2023-12-30 21:39:40:INFO:***********test_invalid_admin_login error messages matched *************
2024-01-04 22:02:14:INFO:***********Test_01_Admin_Login*************
2024-01-04 22:02:14:INFO:***********verifiction of admin login page title*************
2024-01-04 22:02:16:INFO:***********test_title_verification title matched*************
2024-01-04 22:02:21:INFO:***********test_valid_admin_login started *************
2024-01-04 22:02:33:INFO:***********Dashboard text found *************
2024-01-04 22:02:37:INFO:***********test_invalid_admin_login started *************
2024-01-04 22:02:43:INFO:***********test_invalid_admin_login error messages matched *************
2024-01-04 22:32:54:INFO:***********Test_01_Admin_Login*************
2024-01-04 22:32:54:INFO:***********verifiction of admin login page title*************
2024-01-04 22:32:56:INFO:***********test_title_verification title matched*************
2024-01-04 22:33:13:INFO:***********test_valid_admin_login started *************
2024-01-04 22:33:20:INFO:***********Dashboard text found *************
2024-01-04 22:33:36:INFO:***********test_invalid_admin_login started *************
2024-01-04 22:33:38:INFO:***********test_invalid_admin_login error messages matched *************
2024-01-04 22:37:27:INFO:***********Test_01_Admin_Login*************
2024-01-04 22:37:27:INFO:***********verifiction of admin login page title*************
2024-01-04 22:37:28:INFO:***********test_title_verification title matched*************
2024-01-04 22:37:35:INFO:***********test_valid_admin_login started *************
2024-01-04 22:37:49:INFO:***********Dashboard text found *************
2024-01-04 22:37:57:INFO:***********test_invalid_admin_login started *************
2024-01-04 22:38:01:INFO:***********test_invalid_admin_login error messages matched *************
2024-01-05 21:55:39:INFO:***********Test_01_Admin_Login*************
2024-01-05 21:55:39:INFO:***********verifiction of admin login page title*************
2024-01-05 21:55:43:INFO:***********test_title_verification title matched*************
2024-01-05 21:55:51:INFO:***********test_valid_admin_login started *************
2024-01-05 21:55:58:INFO:***********Dashboard text found *************
2024-01-05 21:56:05:INFO:***********test_invalid_admin_login started *************
2024-01-05 21:56:09:INFO:***********test_invalid_admin_login error messages matched *************
2024-01-05 21:58:10:INFO:***********Test_01_Admin_Login*************
2024-01-05 21:58:10:INFO:***********verifiction of admin login page title*************
2024-01-05 21:58:12:INFO:***********test_title_verification title matched*************
2024-01-05 21:58:17:INFO:***********test_valid_admin_login started *************
2024-01-05 21:58:26:INFO:***********Dashboard text found *************
2024-01-05 21:58:32:INFO:***********test_invalid_admin_login started *************
2024-01-05 21:58:36:INFO:***********test_invalid_admin_login error messages matched *************
2024-01-06 22:16:23:INFO:***********Test_01_Admin_Login*************
2024-01-06 22:16:23:INFO:***********verifiction of admin login page title*************
2024-01-06 22:16:28:INFO:***********test_title_verification title matched*************
2024-01-06 22:16:34:INFO:***********test_valid_admin_login started *************
2024-01-06 22:16:45:INFO:***********Dashboard text found *************
2024-01-06 22:16:51:INFO:***********test_invalid_admin_login started *************
2024-01-06 22:16:57:INFO:***********test_invalid_admin_login error messages matched *************
2024-01-06 22:17:46:INFO:***********Test_01_Admin_Login*************
2024-01-06 22:17:46:INFO:***********verifiction of admin login page title*************
2024-01-06 22:17:48:INFO:***********test_title_verification title matched*************
2024-01-06 22:18:04:INFO:***********test_valid_admin_login started *************
2024-01-06 22:18:13:INFO:***********Dashboard text found *************
2024-01-06 22:18:29:INFO:***********test_invalid_admin_login started *************
2024-01-06 22:18:32:INFO:***********test_invalid_admin_login error messages matched *************
2024-01-06 22:19:12:INFO:***********Test_01_Admin_Login*************
2024-01-06 22:19:12:INFO:***********verifiction of admin login page title*************
2024-01-06 22:19:13:INFO:***********test_title_verification title matched*************
2024-01-06 22:19:21:INFO:***********test_valid_admin_login started *************
2024-01-06 22:19:30:INFO:***********Dashboard text found *************
2024-01-06 22:19:38:INFO:***********test_invalid_admin_login started *************
2024-01-06 22:19:43:INFO:***********test_invalid_admin_login error messages matched *************
2024-01-08 20:59:18:INFO:***********Test_01_Admin_Login*************
2024-01-08 20:59:18:INFO:***********verifiction of admin login page title*************
2024-01-08 20:59:18:INFO:***********test_valid_admin_login started *************
2024-01-08 20:59:18:INFO:***********test_invalid_admin_login started *************
2024-01-08 20:59:20:INFO:***********test_title_verification title matched*************
2024-01-08 20:59:23:INFO:***********test_invalid_admin_login error messages matched *************
2024-01-08 20:59:27:INFO:***********Dashboard text found *************
2024-01-08 20:59:50:INFO:***********Test_01_Admin_Login*************
**********
2024-01-08 20:59:50:INFO:***********verifiction of admin login page title*************
2024-01-08 20:59:51:INFO:***********test_title_verification title matched*************
2024-01-08 20:59:56:INFO:***********test_invalid_admin_login started *************
2024-01-08 20:59:59:INFO:***********Dashboard text found *************
2024-01-08 21:00:01:INFO:***********test_invalid_admin_login error messages matched *************
2024-01-08 21:06:51:INFO:***********Test_01_Admin_Login*************
2024-01-08 21:06:51:INFO:***********verifiction of admin login page title*************
2024-01-08 21:06:53:INFO:***********test_valid_admin_login started *************
2024-01-08 21:06:54:INFO:***********test_title_verification title matched*************
2024-01-08 21:06:55:INFO:***********test_invalid_admin_login started *************
2024-01-08 21:06:59:INFO:***********test_invalid_admin_login error messages matched *************
2024-01-08 21:07:03:INFO:***********Dashboard text found *************
2024-01-08 21:51:07:INFO:***********test_invalid_admin_login started *************
2024-01-08 21:51:07:INFO:***********Test_01_Admin_Login*************
2024-01-08 21:51:07:INFO:***********verifiction of admin login page title*************
2024-01-08 21:51:07:INFO:***********test_valid_admin_login started *************
2024-01-08 21:51:10:INFO:***********test_title_verification title matched*************
2024-01-08 21:51:13:INFO:***********test_invalid_admin_login error messages matched *************
2024-01-08 21:51:17:INFO:***********Dashboard text found *************
2024-01-08 21:51:53:INFO:***********test_valid_admin_login started *************
2024-01-08 21:51:53:INFO:***********Test_01_Admin_Login*************
2024-01-08 21:51:53:INFO:***********verifiction of admin login page title*************
2024-01-08 21:51:55:INFO:***********test_title_verification title matched*************
2024-01-08 21:52:01:INFO:***********test_invalid_admin_login started *************
2024-01-08 21:52:02:INFO:***********Dashboard text found *************
2024-01-08 21:52:06:INFO:***********test_invalid_admin_login error messages matched *************
2024-01-14 11:33:38:WARNING:There was an error managing chrome (error sending request for url (https://googlechromelabs.github.io/chrome-for-testing/known-good-versions-with-downloads.json): error trying to connect: dns error: No such host is known. (os error 11001)); using driver found in the cache
2024-01-14 11:33:41:INFO:***********Test_01_Admin_Login*************
2024-01-14 11:33:41:INFO:***********verifiction of admin login page title*************
2024-01-14 11:33:59:INFO:***********test_title_verification title not matched*************
2024-01-14 11:34:21:INFO:***********test_valid_admin_login started *************
2024-01-14 11:34:42:INFO:***********Dashboard text found *************
2024-01-14 11:34:45:INFO:***********test_invalid_admin_login started *************
2024-01-14 11:34:49:INFO:***********test_invalid_admin_login error messages matched *************
2024-01-14 11:38:55:INFO:***********Test_01_Admin_Login*************
2024-01-14 11:38:55:INFO:***********verifiction of admin login page title*************
2024-01-14 11:38:57:INFO:***********test_title_verification title matched*************
2024-01-14 11:39:00:INFO:***********test_valid_admin_login started *************
2024-01-14 11:39:16:INFO:***********test_invalid_admin_login started *************
2024-01-14 11:39:52:INFO:***********Test_01_Admin_Login*************
2024-01-14 11:39:52:INFO:***********verifiction of admin login page title*************
2024-01-14 11:39:53:INFO:***********test_title_verification title matched*************
2024-01-14 11:39:56:INFO:***********test_valid_admin_login started *************
2024-01-14 11:40:03:INFO:***********Dashboard text found *************
2024-01-14 11:40:06:INFO:***********test_invalid_admin_login started *************
2024-01-14 11:40:09:INFO:***********test_invalid_admin_login error messages matched *************
2024-01-14 11:43:10:INFO:***********Test_01_Admin_Login*************
2024-01-14 11:43:10:INFO:***********verifiction of admin login page title*************
2024-01-14 11:43:14:INFO:***********test_title_verification title matched*************
2024-01-14 11:43:16:INFO:***********test_valid_admin_login started *************
2024-01-14 11:43:23:INFO:***********Dashboard text found *************
2024-01-14 11:43:26:INFO:***********test_invalid_admin_login started *************
2024-01-14 11:43:29:INFO:***********test_invalid_admin_login error messages matched *************
2024-01-14 11:48:08:INFO:***********Test_01_Admin_Login*************
2024-01-14 11:48:08:INFO:***********verifiction of admin login page title*************
2024-01-14 11:48:10:INFO:***********test_title_verification title matched*************
2024-01-14 11:48:13:INFO:***********test_valid_admin_login started *************
2024-01-14 11:48:20:INFO:***********Dashboard text found *************
2024-01-14 11:48:23:INFO:***********test_invalid_admin_login started *************
2024-01-14 11:48:25:INFO:***********test_invalid_admin_login error messages matched *************
2024-01-14 11:49:32:INFO:***********Test_01_Admin_Login*************
2024-01-14 11:49:32:INFO:***********verifiction of admin login page title*************
2024-01-14 11:49:37:INFO:***********test_title_verification title matched*************
2024-01-14 11:49:40:INFO:***********test_valid_admin_login started *************
2024-01-14 11:49:45:INFO:***********Dashboard text found *************
2024-01-14 11:49:48:INFO:***********test_invalid_admin_login started *************
2024-01-14 11:49:51:INFO:***********test_invalid_admin_login error messages matched *************
2024-01-14 12:28:28:INFO:***********Test_01_Admin_Login*************
2024-01-14 12:28:28:INFO:***********verifiction of admin login page title*************
2024-01-14 12:28:30:INFO:***********test_title_verification title matched*************
2024-01-14 12:28:32:INFO:***********test_valid_admin_login started *************
2024-01-14 12:28:40:INFO:***********Dashboard text found *************
2024-01-14 12:28:43:INFO:***********test_invalid_admin_login started *************
2024-01-14 12:28:47:INFO:***********test_invalid_admin_login error messages matched *************
2024-01-14 12:32:15:INFO:***********Test_01_Admin_Login*************
2024-01-14 12:32:15:INFO:***********verifiction of admin login page title*************
2024-01-14 12:32:18:INFO:***********test_title_verification title matched*************
2024-01-14 12:32:21:INFO:***********test_valid_admin_login started *************
2024-01-14 12:32:28:INFO:***********Dashboard text found *************
2024-01-14 12:32:31:INFO:***********test_invalid_admin_login started *************
2024-01-14 12:32:34:INFO:***********test_invalid_admin_login error messages matched *************
2024-01-14 14:12:55:INFO:***********Test_01_Admin_Login*************
2024-01-14 14:12:55:INFO:***********verifiction of admin login page title*************
2024-01-14 14:13:00:INFO:***********test_title_verification title matched*************
2024-01-14 14:13:06:INFO:***********test_valid_admin_login started *************
2024-01-14 14:13:19:INFO:***********Dashboard text found *************
2024-01-14 14:13:25:INFO:***********test_invalid_admin_login started *************
2024-01-14 14:13:30:INFO:***********test_invalid_admin_login error messages matched *************
2024-01-14 14:23:08:INFO:***********Test_01_Admin_Login*************
2024-01-14 14:23:08:INFO:***********verifiction of admin login page title*************
2024-01-14 14:23:11:INFO:***********test_title_verification title matched*************
2024-01-14 14:23:17:INFO:***********test_valid_admin_login started *************
2024-01-14 14:23:29:INFO:***********Dashboard text found *************
2024-01-14 14:23:35:INFO:***********test_invalid_admin_login started *************
2024-01-14 14:23:39:INFO:***********test_invalid_admin_login error messages matched *************
2024-01-14 14:28:50:INFO:***********Test_01_Admin_Login*************
2024-01-14 14:28:50:INFO:***********verifiction of admin login page title*************
2024-01-14 14:28:53:INFO:***********test_title_verification title matched*************
2024-01-14 14:28:57:INFO:***********test_valid_admin_login started *************
2024-01-14 14:29:07:INFO:***********Dashboard text found *************
2024-01-14 14:29:12:INFO:***********test_invalid_admin_login started *************
2024-01-14 14:29:16:INFO:***********test_invalid_admin_login error messages matched *************
2024-01-21 21:06:33:INFO:***********test_datadriven_admin_login started *************
2024-01-21 21:07:26:INFO:***faied***
2024-01-21 21:09:28:INFO:***********test_datadriven_admin_login started *************
2024-01-21 21:10:12:INFO:***faied***
2024-01-21 21:11:28:INFO:***********test_datadriven_admin_login started *************
2024-01-21 21:12:00:INFO:***faied***
2024-01-21 21:15:27:INFO:***********test_datadriven_admin_login started *************
2024-01-21 21:16:02:INFO:***faied***
2024-01-21 21:16:41:INFO:***********test_datadriven_admin_login started *************
2024-01-21 21:17:16:INFO:***faied***
2024-01-21 21:17:27:INFO:***faied***
2024-01-21 21:20:49:INFO:***********test_datadriven_admin_login started *************
2024-01-21 21:21:04:INFO:***faied***
2024-01-21 21:21:13:INFO:***faied***
2024-01-21 21:23:04:INFO:***********test_datadriven_admin_login started *************
2024-01-21 21:23:20:INFO:***faied***
2024-01-21 21:25:08:INFO:***********test_datadriven_admin_login started *************
2024-01-21 21:25:23:INFO:***faied***
2024-01-21 21:25:31:INFO:***faied***
2024-01-21 21:28:59:INFO:***********test_datadriven_admin_login started *************
2024-01-21 21:29:15:INFO:***faied***
2024-01-21 21:29:46:INFO:***********test_datadriven_admin_login started *************
2024-01-21 21:29:59:INFO:***faied***
2024-01-21 21:30:59:INFO:***********test_datadriven_admin_login started *************
2024-01-21 21:31:16:INFO:***faied***
2024-01-21 21:34:34:INFO:***********test_datadriven_admin_login started *************
2024-01-21 21:35:55:INFO:***passed***
2024-01-21 21:36:06:INFO:***passed***
2024-01-21 21:36:16:INFO:***passed***
2024-01-21 21:36:16:INFO:***Passed data driven case for admin***
2024-01-23 22:32:53:INFO:***********test_valid_admin_login_data_driven started *************
2024-01-23 22:34:20:INFO:test data is failed
2024-01-23 22:35:23:INFO:***********test_valid_admin_login_data_driven started *************
2024-01-23 22:36:08:INFO:test data is passed
2024-01-23 22:36:19:INFO:test data is passed
2024-01-23 22:36:27:INFO:test data is passed
2024-01-23 22:36:27:INFO:Test admin data driven test is Passed
2024-01-23 22:39:11:INFO:***********test_valid_admin_login_data_driven started *************
2024-02-24 16:29:29:INFO:***********Test_03_Add_New_Customer started *************
2024-02-24 16:29:44:INFO:***********Login completed *************
2024-02-24 16:29:44:INFO:***********starting add customer test *************
2024-02-24 16:35:02:INFO:***********Test_03_Add_New_Customer started *************
2024-02-24 16:35:13:INFO:***********Login completed *************
2024-02-24 16:35:13:INFO:***********starting add customer test *************
2024-02-24 16:37:01:INFO:***********Test_03_Add_New_Customer started *************
2024-02-24 16:37:13:INFO:***********Login completed *************
2024-02-24 16:37:13:INFO:***********starting add customer test *************
2024-02-25 12:12:52:INFO:***********Test_03_Add_New_Customer started *************
2024-02-25 12:13:07:INFO:***********Login completed *************
2024-02-25 12:13:07:INFO:***********starting add customer test *************
2024-02-25 12:13:11:INFO:***********Providing customer info started *************
2024-02-25 12:13:31:INFO:***********Test_03_Add_New_Customer started *************
2024-02-25 12:13:40:INFO:***********Login completed *************
2024-02-25 12:13:40:INFO:***********starting add customer test *************
2024-02-25 12:13:45:INFO:***********Providing customer info started *************
2024-02-25 12:31:42:INFO:***********Test_03_Add_New_Customer started *************
2024-02-25 12:31:55:INFO:***********Login completed *************
2024-02-25 12:31:55:INFO:***********starting add customer test *************
2024-02-25 12:32:01:INFO:***********Providing customer info started *************
2024-02-25 12:33:35:INFO:***********Test_03_Add_New_Customer started *************
2024-02-25 12:33:50:INFO:***********Login completed *************
2024-02-25 12:33:50:INFO:***********starting add customer test *************
2024-02-25 12:33:55:INFO:***********Providing customer info started *************
2024-02-25 12:37:20:INFO:***********Test_03_Add_New_Customer started *************
2024-02-25 12:37:34:INFO:***********Login completed *************
2024-02-25 12:37:34:INFO:***********starting add customer test *************
2024-02-25 12:37:40:INFO:***********Providing customer info started *************
2024-02-25 12:39:57:INFO:***********Test_03_Add_New_Customer started *************
2024-02-25 12:40:19:INFO:***********Login completed *************
2024-02-25 12:40:19:INFO:***********starting add customer test *************
2024-02-25 12:40:25:INFO:***********Providing customer info started *************
2024-02-25 13:19:04:INFO:***********Test_03_Add_New_Customer started *************
2024-02-25 13:19:19:INFO:***********Login completed *************
2024-02-25 13:19:19:INFO:***********starting add customer test *************
2024-02-25 13:19:24:INFO:***********Providing customer info started *************
2024-02-25 13:20:21:INFO:***********Test_03_Add_New_Customer started *************
2024-02-25 13:20:32:INFO:***********Login completed *************
2024-02-25 13:20:32:INFO:***********starting add customer test *************
2024-02-25 13:20:36:INFO:***********Providing customer info started *************
2024-02-25 13:24:32:INFO:***********Test_03_Add_New_Customer started *************
2024-02-25 13:24:42:INFO:***********Login completed *************
2024-02-25 13:24:42:INFO:***********starting add customer test *************
2024-02-25 13:24:45:INFO:***********Providing customer info started *************
2024-02-25 13:25:56:INFO:***********Test_03_Add_New_Customer started *************
2024-02-25 13:26:25:INFO:***********Login completed *************
2024-02-25 13:26:25:INFO:***********starting add customer test *************
2024-02-25 13:27:59:INFO:***********Providing customer info started *************
2024-02-25 13:28:14:INFO:***********Test_03_Add_New_Customer started *************
2024-02-25 13:28:26:INFO:***********Login completed *************
2024-02-25 13:28:26:INFO:***********starting add customer test *************
2024-02-25 13:28:31:INFO:***********Providing customer info started *************
2024-02-25 13:39:04:INFO:***********Test_03_Add_New_Customer started *************
2024-02-25 13:39:19:INFO:***********Login completed *************
2024-02-25 13:39:19:INFO:***********starting add customer test *************
2024-02-25 13:39:25:INFO:***********Providing customer info started *************
2024-02-25 13:41:03:INFO:***********Test_03_Add_New_Customer started *************
2024-02-25 13:41:22:INFO:***********Login completed *************
2024-02-25 13:41:22:INFO:***********starting add customer test *************
2024-02-25 13:41:31:INFO:***********Providing customer info started *************
2024-02-25 13:41:33:INFO:***********Test store 2 selected *************
2024-02-25 13:42:24:INFO:***********Test_03_Add_New_Customer started *************
2024-02-25 13:42:36:INFO:***********Login completed *************
2024-02-25 13:42:36:INFO:***********starting add customer test *************
2024-02-25 13:42:40:INFO:***********Providing customer info started *************
2024-02-25 13:43:58:INFO:***********Test_03_Add_New_Customer started *************
2024-02-25 13:44:10:INFO:***********Login completed *************
2024-02-25 13:44:10:INFO:***********starting add customer test *************
2024-02-25 13:44:19:INFO:***********Providing customer info started *************
2024-02-25 14:28:37:INFO:***********Test_03_Add_New_Customer started *************
2024-02-25 14:28:52:INFO:***********Login completed *************
2024-02-25 14:28:52:INFO:***********starting add customer test *************
2024-02-25 14:29:01:INFO:***********Providing customer info started *************
2024-02-25 14:29:25:INFO:***********Test store 2 selected *************
2024-02-25 14:52:24:INFO:***********Test_03_Add_New_Customer started *************
2024-02-25 14:52:38:INFO:***********Login completed *************
2024-02-25 14:52:38:INFO:***********starting add customer test *************
2024-02-25 14:52:48:INFO:***********Providing customer info started *************
2024-02-25 14:52:57:INFO:***********Test store 2 selected *************
2024-02-25 14:54:03:INFO:***********Test_03_Add_New_Customer started *************
2024-02-25 14:54:13:INFO:***********Login completed *************
2024-02-25 14:54:13:INFO:***********starting add customer test *************
2024-02-25 14:54:18:INFO:***********Providing customer info started *************
2024-02-25 14:54:29:INFO:***********Test store 2 selected *************
2024-02-25 14:57:23:INFO:***********Test_03_Add_New_Customer started *************
2024-02-25 14:57:37:INFO:***********Login completed *************
2024-02-25 14:57:37:INFO:***********starting add customer test *************
2024-02-25 14:57:41:INFO:***********Providing customer info started *************
2024-02-25 14:57:52:INFO:***********Test store 2 selected *************
2024-02-25 15:00:04:INFO:***********Test_03_Add_New_Customer started *************
2024-02-25 15:00:18:INFO:***********Login completed *************
2024-02-25 15:00:18:INFO:***********starting add customer test *************
2024-02-25 15:00:23:INFO:***********Providing customer info started *************
2024-02-25 15:00:47:INFO:***********Test_03_Add_New_Customer started *************
2024-02-25 15:01:03:INFO:***********Login completed *************
2024-02-25 15:01:03:INFO:***********starting add customer test *************
2024-02-25 15:01:07:INFO:***********Providing customer info started *************
2024-02-25 15:01:17:INFO:***********Test store 2 selected *************
2024-02-25 15:05:46:INFO:***********Test_03_Add_New_Customer started *************
2024-02-25 15:06:05:INFO:***********Login completed *************
2024-02-25 15:06:05:INFO:***********starting add customer test *************
2024-02-25 15:06:31:INFO:***********Providing customer info started *************
2024-02-25 15:06:49:INFO:***********Test store 2 selected *************
2024-02-25 15:08:59:INFO:***********Test_03_Add_New_Customer started *************
2024-02-25 15:09:20:INFO:***********Login completed *************
2024-02-25 15:09:20:INFO:***********starting add customer test *************
2024-02-25 15:09:24:INFO:***********Providing customer info started *************
2024-02-25 15:10:09:INFO:***********Test_03_Add_New_Customer started *************
2024-02-25 15:10:28:INFO:***********Login completed *************
2024-02-25 15:10:28:INFO:***********starting add customer test *************
2024-02-25 15:10:33:INFO:***********Providing customer info started *************
2024-02-25 15:10:42:INFO:***********Test store 2 selected *************
2024-02-25 15:14:25:INFO:***********Test_03_Add_New_Customer started *************
2024-02-25 15:14:37:INFO:***********Login completed *************
2024-02-25 15:14:37:INFO:***********starting add customer test *************
2024-02-25 15:14:42:INFO:***********Providing customer info started *************
2024-02-25 15:14:50:INFO:***********Test store 2 selected *************
2024-02-25 15:52:27:INFO:***********Test_03_Add_New_Customer started *************
2024-02-25 15:52:39:INFO:***********Login completed *************
2024-02-25 15:52:39:INFO:***********starting add customer test *************
2024-02-25 15:52:42:INFO:***********Providing customer info started *************
2024-02-25 15:53:00:INFO:***********Test store 2 selected *************
2024-02-25 15:53:10:INFO:***********Test_03_Add_New_Customer started *************
2024-02-25 15:53:19:INFO:***********Login completed *************
2024-02-25 15:53:19:INFO:***********starting add customer test *************
2024-02-25 15:53:24:INFO:***********Providing customer info started *************
2024-02-25 15:53:33:INFO:***********Test store 2 selected *************
2024-02-25 15:55:28:INFO:***********Test_03_Add_New_Customer started *************
2024-02-25 15:55:39:INFO:***********Login completed *************
2024-02-25 15:55:39:INFO:***********starting add customer test *************
2024-02-25 15:55:54:INFO:***********Providing customer info started *************
2024-02-25 15:56:01:INFO:***********Test store 2 selected *************
2024-02-25 15:59:18:INFO:***********Test_03_Add_New_Customer started *************
2024-02-25 15:59:30:INFO:***********Login completed *************
2024-02-25 15:59:30:INFO:***********starting add customer test *************
2024-02-25 15:59:33:INFO:***********Providing customer info started *************
2024-02-25 15:59:40:INFO:***********Test store 2 selected *************
2024-02-25 16:02:36:INFO:***********Test_03_Add_New_Customer started *************
2024-02-25 16:02:48:INFO:***********Login completed *************
2024-02-25 16:02:48:INFO:***********starting add customer test *************
2024-02-25 16:02:51:INFO:***********Providing customer info started *************
2024-02-25 16:02:58:INFO:***********Test store 2 selected *************
2024-02-25 16:03:08:INFO:***********Test_03_Add_New_Customer test passed *************
2024-02-25 16:40:09:INFO:***********Test_03_Add_New_Customer started *************
2024-02-25 16:40:24:INFO:***********Login completed *************
2024-02-25 16:40:24:INFO:***********starting add customer test *************
2024-02-25 16:40:42:INFO:***********Providing customer info started *************
2024-02-25 16:40:49:INFO:***********Test store 2 selected *************
2024-02-25 16:40:56:INFO:***********Test_03_Add_New_Customer test passed *************
2024-02-25 17:45:17:INFO:***********Test_03_Add_New_Customer started *************
2024-02-25 17:45:30:INFO:***********Login completed *************
2024-02-25 17:45:30:INFO:***********starting add customer test *************
2024-02-25 17:45:36:INFO:***********Providing customer info started *************
2024-02-25 17:46:22:INFO:***********Test_03_Add_New_Customer started *************
2024-02-25 17:46:35:INFO:***********Login completed *************
2024-02-25 17:46:35:INFO:***********starting add customer test *************
2024-02-25 17:46:42:INFO:***********Providing customer info started *************
2024-02-25 17:46:50:INFO:***********Test store 2 selected *************
2024-02-25 17:47:06:INFO:***********Test_03_Add_New_Customer test passed *************
2024-02-25 17:47:53:INFO:***********Test_03_Add_New_Customer started *************
2024-02-25 17:48:13:INFO:***********Login completed *************
2024-02-25 17:48:13:INFO:***********starting add customer test *************
2024-02-25 17:48:20:INFO:***********Providing customer info started *************
2024-02-25 17:48:30:INFO:***********Test store 2 selected *************
2024-02-25 17:48:52:INFO:***********Test_03_Add_New_Customer test passed *************
2024-03-01 11:42:22:INFO:***********Test_04_001_Search_Customer with email started *************
2024-03-01 11:42:38:INFO:***********Login completed *************
2024-03-01 11:42:38:INFO:***********navigating to customer search page *************
2024-03-01 11:42:43:INFO:*********** starting search customer by email *************
2024-03-01 11:43:03:INFO:***********Test_04_002_Search_Customer with name started *************
2024-03-01 11:43:13:INFO:***********Login completed *************
2024-03-01 11:43:13:INFO:***********navigating to customer search page *************
2024-03-01 11:43:15:INFO:*********** starting search customer by name *************
2024-03-01 11:44:38:INFO:***********Test_04_001_Search_Customer with email started *************
2024-03-01 11:44:58:INFO:***********Login completed *************
2024-03-01 11:44:58:INFO:***********navigating to customer search page *************
2024-03-01 11:45:01:INFO:*********** starting search customer by email *************
2024-03-01 11:45:09:INFO:***********Test_04_002_Search_Customer with name started *************
2024-03-01 11:45:21:INFO:***********Login completed *************
2024-03-01 11:45:21:INFO:***********navigating to customer search page *************
2024-03-01 11:46:45:INFO:***********Test_04_001_Search_Customer with email started *************
2024-03-01 11:47:06:INFO:***********Login completed *************
2024-03-01 11:47:06:INFO:***********navigating to customer search page *************
2024-03-01 11:47:12:INFO:*********** starting search customer by email *************
2024-03-01 11:47:18:INFO:***********Test_04_002_Search_Customer with name started *************
2024-03-01 11:47:46:INFO:***********Login completed *************
2024-03-01 11:47:46:INFO:***********navigating to customer search page *************
2024-03-01 11:47:50:INFO:*********** starting search customer by name *************
2024-03-01 11:50:02:INFO:***********Test_04_001_Search_Customer with email started *************
2024-03-01 11:50:17:INFO:***********Login completed *************
2024-03-01 11:50:17:INFO:***********navigating to customer search page *************
2024-03-01 11:50:18:INFO:*********** starting search customer by email *************
2024-03-01 11:52:27:INFO:***********Test_04_001_Search_Customer with email started *************
2024-03-01 11:52:41:INFO:***********Login completed *************
2024-03-01 11:52:41:INFO:***********navigating to customer search page *************
2024-03-01 11:52:42:INFO:*********** starting search customer by email *************
2024-03-01 11:52:46:INFO:***********Test_04_Search_customer by email test passed *************
2024-03-01 12:08:11:INFO:***********Test_04_001_Search_Customer with email started *************
2024-03-01 12:08:29:INFO:***********Login completed *************
2024-03-01 12:08:29:INFO:***********navigating to customer search page *************
2024-03-01 12:08:33:INFO:*********** starting search customer by email *************
2024-03-01 12:08:37:INFO:***********Test_04_Search_customer by email test passed *************
2024-03-01 12:09:28:INFO:***********Test_04_001_Search_Customer with email started *************
2024-03-01 12:09:42:INFO:***********Login completed *************
2024-03-01 12:09:42:INFO:***********navigating to customer search page *************
2024-03-01 12:09:47:INFO:*********** starting search customer by email *************
2024-03-01 12:09:51:INFO:***********Test_04_Search_customer by email test failed *************
2024-03-01 12:11:47:INFO:***********Test_04_001_Search_Customer with email started *************
2024-03-01 12:11:58:INFO:***********Login completed *************
2024-03-01 12:11:58:INFO:***********navigating to customer search page *************
2024-03-01 12:12:00:INFO:*********** starting search customer by email *************
2024-03-01 12:12:04:INFO:***********Test_04_Search_customer by email test passed *************
2024-03-01 12:12:07:INFO:***********Test_04_002_Search_Customer with name started *************
2024-03-01 12:12:21:INFO:***********Login completed *************
2024-03-01 12:12:21:INFO:***********navigating to customer search page *************
2024-03-01 12:12:26:INFO:*********** starting search customer by name *************
2024-03-01 12:12:30:INFO:***********Test_04_002_Search_customer by name test failed *************
2024-03-01 12:13:36:INFO:***********Test_04_001_Search_Customer with email started *************
2024-03-01 12:13:55:INFO:***********Login completed *************
2024-03-01 12:13:55:INFO:***********navigating to customer search page *************
2024-03-01 12:14:25:INFO:*********** starting search customer by email *************
2024-03-01 12:14:30:INFO:***********Test_04_Search_customer by email test passed *************
2024-03-01 12:14:33:INFO:***********Test_04_002_Search_Customer with name started *************
2024-03-01 12:14:42:INFO:***********Login completed *************
2024-03-01 12:14:42:INFO:***********navigating to customer search page *************
2024-03-01 12:14:44:INFO:*********** starting search customer by name *************
2024-03-01 12:14:48:INFO:***********Test_04_002_Search_customer by name test passed *************
2024-03-01 12:15:30:INFO:***********Test_04_001_Search_Customer with email started *************
2024-03-01 12:15:39:INFO:***********Login completed *************
2024-03-01 12:15:39:INFO:***********navigating to customer search page *************
2024-03-01 12:15:41:INFO:*********** starting search customer by email *************
2024-03-01 12:15:45:INFO:***********Test_04_Search_customer by email test failed *************
2024-03-01 12:15:48:INFO:***********Test_04_002_Search_Customer with name started *************
2024-03-01 12:16:00:INFO:***********Login completed *************
2024-03-01 12:16:00:INFO:***********navigating to customer search page *************
2024-03-01 12:16:02:INFO:*********** starting search customer by name *************
2024-03-01 12:16:06:INFO:***********Test_04_002_Search_customer by name test failed *************
2024-03-01 14:24:19:INFO:***********Test_04_001_Search_Customer with email started *************
2024-03-01 14:24:31:INFO:***********Login completed *************
2024-03-01 14:24:31:INFO:***********navigating to customer search page *************
2024-03-01 14:24:52:INFO:***********Test_04_002_Search_Customer with name started *************
2024-03-01 14:25:05:INFO:***********Login completed *************
2024-03-01 14:25:05:INFO:***********navigating to customer search page *************
2024-03-01 14:25:07:INFO:*********** starting search customer by name *************
2024-03-01 14:25:12:INFO:***********Test_04_002_Search_customer by name test passed *************
2024-03-01 14:25:17:INFO:***********Test_04_003_Search_Customer with company name started *************
2024-03-01 14:25:34:INFO:***********Login completed *************
2024-03-01 14:25:34:INFO:***********navigating to customer search page *************
2024-03-01 14:25:39:INFO:*********** starting search customer by company name *************
2024-03-01 14:27:27:INFO:***********Test_04_001_Search_Customer with email started *************
2024-03-01 14:27:44:INFO:***********Login completed *************
2024-03-01 14:27:44:INFO:***********navigating to customer search page *************
2024-03-01 14:27:48:INFO:*********** starting search customer by email *************
2024-03-01 14:27:52:INFO:***********Test_04_Search_customer by email test passed *************
2024-03-01 14:27:59:INFO:***********Test_04_002_Search_Customer with name started *************
2024-03-01 14:28:17:INFO:***********Login completed *************
2024-03-01 14:28:17:INFO:***********navigating to customer search page *************
2024-03-01 14:28:21:INFO:*********** starting search customer by name *************
2024-03-01 14:28:25:INFO:***********Test_04_002_Search_customer by name test passed *************
2024-03-01 14:28:30:INFO:***********Test_04_003_Search_Customer with company name started *************
2024-03-01 14:28:42:INFO:***********Login completed *************
2024-03-01 14:28:42:INFO:***********navigating to customer search page *************
2024-03-01 14:28:45:INFO:*********** starting search customer by company name *************
2024-03-01 14:30:13:INFO:***********Test_04_001_Search_Customer with email started *************
2024-03-01 14:30:32:INFO:***********Login completed *************
2024-03-01 14:30:32:INFO:***********navigating to customer search page *************
2024-03-01 14:30:36:INFO:*********** starting search customer by email *************
2024-03-01 14:30:42:INFO:***********Test_04_Search_customer by email test passed *************
2024-03-01 14:30:47:INFO:***********Test_04_002_Search_Customer with name started *************
2024-03-01 14:31:07:INFO:***********Login completed *************
2024-03-01 14:31:07:INFO:***********navigating to customer search page *************
2024-03-01 14:31:12:INFO:*********** starting search customer by name *************
2024-03-01 14:31:17:INFO:***********Test_04_002_Search_customer by name test passed *************
2024-03-01 14:31:22:INFO:***********Test_04_003_Search_Customer with company name started *************
2024-03-01 14:31:37:INFO:***********Login completed *************
2024-03-01 14:31:37:INFO:***********navigating to customer search page *************
2024-03-01 14:31:44:INFO:*********** starting search customer by company name *************
2024-03-01 14:31:48:INFO:***********Test_04_003_Search_customer by company name test passed *************
2024-03-01 15:43:17:INFO:***********Test_04_001_Search_Customer with email started *************
2024-03-01 15:43:45:INFO:***********Login completed *************
2024-03-01 15:43:45:INFO:***********navigating to customer search page *************
2024-03-01 15:43:48:INFO:*********** starting search customer by email *************
2024-03-01 15:43:55:INFO:***********Test_04_Search_customer by email test passed *************
2024-03-01 15:44:02:INFO:***********Test_04_002_Search_Customer with name started *************
2024-03-01 15:44:36:INFO:***********Login completed *************
2024-03-01 15:44:36:INFO:***********navigating to customer search page *************
2024-03-01 15:45:25:INFO:*********** starting search customer by name *************
2024-03-01 15:45:30:INFO:***********Test_04_002_Search_customer by name test passed *************
2024-03-01 15:45:37:INFO:***********Test_04_003_Search_Customer with company name started *************
2024-03-01 15:45:49:INFO:***********Login completed *************
2024-03-01 15:45:49:INFO:***********navigating to customer search page *************
2024-03-01 15:45:58:INFO:*********** starting search customer by company name *************
2024-03-01 15:47:59:INFO:***********Test_04_001_Search_Customer with email started *************
2024-03-01 15:48:14:INFO:***********Login completed *************
2024-03-01 15:48:14:INFO:***********navigating to customer search page *************
2024-03-01 15:48:19:INFO:*********** starting search customer by email *************
2024-03-01 15:48:24:INFO:***********Test_04_Search_customer by email test passed *************
2024-03-01 15:48:31:INFO:***********Test_04_002_Search_Customer with name started *************
2024-03-01 15:48:48:INFO:***********Login completed *************
2024-03-01 15:48:48:INFO:***********navigating to customer search page *************
2024-03-01 15:48:52:INFO:*********** starting search customer by name *************
2024-03-01 15:48:57:INFO:***********Test_04_002_Search_customer by name test passed *************
2024-03-01 15:49:04:INFO:***********Test_04_003_Search_Customer with company name started *************
2024-03-01 15:49:16:INFO:***********Login completed *************
2024-03-01 15:49:16:INFO:***********navigating to customer search page *************
2024-03-01 15:49:19:INFO:*********** starting search customer by company name *************
2024-03-01 15:49:23:INFO:***********Test_04_003_Search_customer by company name test passed *************
2024-03-02 22:52:41:INFO:***********test_valid_admin_login started *************
2024-03-02 22:52:53:INFO:***********Dashboard text found *************
2024-03-02 22:53:59:INFO:***********Test_01_Admin_Login*************
2024-03-02 22:53:59:INFO:***********verifiction of admin login page title*************
2024-03-02 22:54:01:INFO:***********test_title_verification title matched*************
2024-03-02 22:54:06:INFO:***********test_valid_admin_login started *************
2024-03-02 22:54:18:INFO:***********Dashboard text found *************
2024-03-02 22:54:24:INFO:***********test_invalid_admin_login started *************
2024-03-02 22:54:29:INFO:***********test_invalid_admin_login error messages matched *************
2024-03-03 10:46:34:INFO:***********Test_03_Add_New_Customer started *************
2024-03-03 10:46:45:INFO:***********Login completed *************
2024-03-03 10:46:45:INFO:***********starting add customer test *************
2024-03-03 10:46:49:INFO:***********Providing customer info started *************
2024-03-03 10:46:59:INFO:***********Test store 2 selected *************
2024-03-03 10:47:08:INFO:***********Test_03_Add_New_Customer test passed *************
2024-03-03 10:47:15:INFO:***********test_valid_admin_login started *************
2024-03-03 10:47:26:INFO:***********Dashboard text found *************
2024-03-03 10:47:32:INFO:***********Test_04_001_Search_Customer with email started *************
2024-03-03 10:47:43:INFO:***********Login completed *************
2024-03-03 10:47:43:INFO:***********navigating to customer search page *************
2024-03-03 10:47:45:INFO:*********** starting search customer by email *************
2024-03-03 10:47:50:INFO:***********Test_04_Search_customer by email test passed *************
2024-03-03 21:40:35:INFO:***********Test_03_Add_New_Customer started *************
2024-03-03 21:41:07:INFO:***********Login completed *************
2024-03-03 21:41:07:INFO:***********starting add customer test *************
2024-03-03 21:41:17:INFO:***********Providing customer info started *************
2024-03-03 21:41:27:INFO:***********Test store 2 selected *************
2024-03-03 21:41:37:INFO:***********Test_03_Add_New_Customer test passed *************
2024-03-03 21:41:45:INFO:***********test_valid_admin_login started *************
2024-03-03 21:42:08:INFO:***********Dashboard text found *************
2024-03-03 21:42:14:INFO:***********Test_04_001_Search_Customer with email started *************
2024-03-03 21:42:23:INFO:***********Login completed *************
2024-03-03 21:42:23:INFO:***********navigating to customer search page *************
2024-03-03 21:42:28:INFO:*********** starting search customer by email *************
2024-03-03 21:42:33:INFO:***********Test_04_Search_customer by email test passed *************
2024-03-09 10:32:12:INFO:***********Test_03_Add_New_Customer started *************
2024-03-09 10:32:24:INFO:***********Login completed *************
2024-03-09 10:32:24:INFO:***********starting add customer test *************
2024-03-09 10:32:33:INFO:***********Providing customer info started *************
2024-03-09 10:32:40:INFO:***********Test store 2 selected *************
2024-03-09 10:32:48:INFO:***********Test_03_Add_New_Customer test passed *************
2024-03-09 10:32:52:INFO:***********test_valid_admin_login started *************
2024-03-09 10:34:38:INFO:***********Test_04_001_Search_Customer with email started *************
2024-03-09 10:38:31:INFO:***********Test_03_Add_New_Customer started *************
2024-03-09 10:38:44:INFO:***********Login completed *************
2024-03-09 10:38:44:INFO:***********starting add customer test *************
2024-03-09 10:38:56:INFO:***********Providing customer info started *************
2024-03-09 10:39:08:INFO:***********Test store 2 selected *************
2024-03-09 10:39:32:INFO:***********Test_03_Add_New_Customer test passed *************
2024-03-09 10:39:36:INFO:***********test_valid_admin_login started *************
2024-03-09 10:39:45:INFO:***********Dashboard text found *************
2024-03-09 10:39:48:INFO:***********Test_04_001_Search_Customer with email started *************
2024-03-09 10:39:56:INFO:***********Login completed *************
2024-03-09 10:39:56:INFO:***********navigating to customer search page *************
2024-03-09 10:39:58:INFO:*********** starting search customer by email *************
2024-03-09 10:40:01:INFO:***********Test_04_Search_customer by email test passed *************
2024-03-09 10:40:45:INFO:***********Test_04_001_Search_Customer with email started *************
2024-03-09 10:40:50:INFO:***********Login completed *************
2024-03-09 10:40:50:INFO:***********navigating to customer search page *************
2024-03-09 10:45:31:INFO:***********Test_03_Add_New_Customer started *************
2024-03-09 10:45:40:INFO:***********Login completed *************
2024-03-09 10:45:40:INFO:***********starting add customer test *************
2024-03-09 10:45:49:INFO:***********Providing customer info started *************
2024-03-09 10:46:21:INFO:***********test_valid_admin_login started *************
2024-03-09 10:46:35:INFO:***********Dashboard text found *************
2024-03-09 10:46:41:INFO:***********Test_04_001_Search_Customer with email started *************
2024-03-09 10:46:50:INFO:***********Login completed *************
2024-03-09 10:46:50:INFO:***********navigating to customer search page *************
2024-03-09 10:46:52:INFO:*********** starting search customer by email *************
2024-03-09 10:46:56:INFO:***********Test_04_Search_customer by email test passed *************
2024-03-09 10:47:51:INFO:***********Test_03_Add_New_Customer started *************
2024-03-09 10:47:58:INFO:***********Login completed *************
2024-03-09 10:47:58:INFO:***********starting add customer test *************
2024-03-09 10:48:02:INFO:***********Providing customer info started *************
2024-03-09 10:48:09:INFO:***********Test store 2 selected *************
2024-03-09 10:48:16:INFO:***********Test_03_Add_New_Customer test passed *************
2024-03-09 10:48:21:INFO:***********test_valid_admin_login started *************
2024-03-09 10:48:29:INFO:***********Dashboard text found *************
2024-03-09 10:48:34:INFO:***********Test_04_001_Search_Customer with email started *************
2024-03-09 10:48:41:INFO:***********Login completed *************
2024-03-09 10:48:41:INFO:***********navigating to customer search page *************
2024-03-09 10:48:43:INFO:*********** starting search customer by email *************
2024-03-09 10:48:47:INFO:***********Test_04_Search_customer by email test passed *************
2024-03-09 14:48:27:INFO:***********Test_03_Add_New_Customer started *************
2024-03-09 14:48:51:INFO:***********Login completed *************
2024-03-09 14:48:51:INFO:***********starting add customer test *************
2024-03-09 14:49:09:INFO:***********Providing customer info started *************
2024-03-09 14:49:35:INFO:***********Test store 2 selected *************
2024-03-09 14:49:43:INFO:***********Test_03_Add_New_Customer test passed *************
2024-03-09 14:49:50:INFO:***********test_valid_admin_login started *************
2024-03-09 14:51:33:INFO:***********Dashboard text found *************
2024-03-09 14:51:40:INFO:***********Test_04_001_Search_Customer with email started *************
2024-03-09 14:53:26:INFO:***********Test_03_Add_New_Customer started *************
2024-03-09 14:53:38:INFO:***********Login completed *************
2024-03-09 14:53:38:INFO:***********starting add customer test *************
2024-03-09 14:53:43:INFO:***********Providing customer info started *************
2024-03-09 14:54:19:INFO:***********test_valid_admin_login started *************
2024-03-09 14:54:47:INFO:***********Test_03_Add_New_Customer started *************
2024-03-09 14:54:57:INFO:***********Login completed *************
2024-03-09 14:54:57:INFO:***********starting add customer test *************
2024-03-09 14:55:00:INFO:***********Providing customer info started *************
2024-03-09 14:55:10:INFO:***********Test store 2 selected *************
2024-03-09 14:55:19:INFO:***********Test_03_Add_New_Customer test passed *************
2024-03-09 14:55:25:INFO:***********test_valid_admin_login started *************
2024-03-09 14:55:34:INFO:***********Dashboard text found *************
2024-03-09 14:55:40:INFO:***********Test_04_001_Search_Customer with email started *************
2024-03-09 14:55:49:INFO:***********Login completed *************
2024-03-09 14:55:49:INFO:***********navigating to customer search page *************
2024-03-09 14:55:51:INFO:*********** starting search customer by email *************
2024-03-09 14:55:55:INFO:***********Test_04_Search_customer by email test passed *************
2024-03-09 14:58:40:INFO:***********Test_03_Add_New_Customer started *************
2024-03-09 14:58:46:INFO:***********Login completed *************
2024-03-09 14:58:46:INFO:***********starting add customer test *************
2024-03-09 14:59:21:INFO:***********test_valid_admin_login started *************
2024-03-09 14:59:36:INFO:***********Dashboard text found *************
2024-03-09 14:59:53:INFO:***********Test_04_001_Search_Customer with email started *************
2024-03-09 14:59:58:INFO:***********Login completed *************
2024-03-09 14:59:58:INFO:***********navigating to customer search page *************
2024-03-09 15:00:00:INFO:*********** starting search customer by email *************
2025-09-04 12:11:52:INFO:***********Test_03_Add_New_Customer started *************
2025-09-04 12:12:09:INFO:***********Login completed *************
2025-09-04 12:12:09:INFO:***********starting add customer test *************
2025-09-04 12:12:32:INFO:***********Test_01_Admin_Login*************
2025-09-04 12:12:32:INFO:***********verifiction of admin login page title*************
2025-09-04 12:12:33:INFO:***********test_title_verification title not matched*************
2025-09-04 12:12:35:INFO:***********test_valid_admin_login started *************
2025-09-04 12:12:39:INFO:***********Dashboard text found *************
2025-09-04 12:12:41:INFO:***********test_invalid_admin_login started *************
2025-09-04 12:12:44:INFO:***********test_invalid_admin_login error messages matched *************
2025-09-04 12:12:46:INFO:***********test_valid_admin_login_data_driven started *************
2025-09-04 12:12:55:INFO:test data is passed
2025-09-04 12:13:03:INFO:test data is passed
2025-09-04 12:13:10:INFO:test data is passed
2025-09-04 12:13:10:INFO:Test admin data driven test is Passed
2025-09-04 12:13:13:INFO:***********Test_04_001_Search_Customer with email started *************
2025-09-04 12:14:16:INFO:***********Login completed *************
2025-09-04 12:14:16:INFO:***********navigating to customer search page *************
2025-09-04 12:14:39:INFO:***********Test_04_002_Search_Customer with name started *************
2025-09-04 12:14:47:INFO:***********Login completed *************
2025-09-04 12:14:47:INFO:***********navigating to customer search page *************
2025-09-04 12:14:48:INFO:*********** starting search customer by name *************
2025-09-04 12:14:53:INFO:***********Test_04_002_Search_customer by name test passed *************
2025-09-04 12:14:56:INFO:***********Test_04_003_Search_Customer with company name started *************
2025-09-04 12:15:01:INFO:***********Login completed *************
2025-09-04 12:15:01:INFO:***********navigating to customer search page *************
2025-09-04 12:15:04:INFO:*********** starting search customer by company name *************
